<?xml version="1.0" encoding="UTF-8"?>
<testsuite name="co.com.nisum.domain.usecase.user.CreateUserUseCaseTest" tests="4" skipped="0" failures="0" errors="0" timestamp="2022-05-13T06:56:09" hostname="PSLT6711" time="0.549">
  <properties/>
  <testcase name="passwordInvalid()" classname="co.com.nisum.domain.usecase.user.CreateUserUseCaseTest" time="0.525"/>
  <testcase name="accountExist()" classname="co.com.nisum.domain.usecase.user.CreateUserUseCaseTest" time="0.015"/>
  <testcase name="createUser()" classname="co.com.nisum.domain.usecase.user.CreateUserUseCaseTest" time="0.006"/>
  <testcase name="emailInvalid()" classname="co.com.nisum.domain.usecase.user.CreateUserUseCaseTest" time="0.001"/>
  <system-out><![CDATA[]]></system-out>
  <system-err><![CDATA[]]></system-err>
</testsuite>
